                                 Started job on |	Nov 13 21:41:32
                             Started mapping on |	Nov 13 21:41:41
                                    Finished on |	Nov 13 21:42:51
       Mapping speed, Million of reads per hour |	1094.00

                          Number of input reads |	21272287
                      Average input read length |	74
                                    UNIQUE READS:
                   Uniquely mapped reads number |	19880373
                        Uniquely mapped reads % |	93.46%
                          Average mapped length |	74.57
                       Number of splices: Total |	3972376
            Number of splices: Annotated (sjdb) |	3795701
                       Number of splices: GT/AG |	3920830
                       Number of splices: GC/AG |	33150
                       Number of splices: AT/AC |	3146
               Number of splices: Non-canonical |	15250
                      Mismatch rate per base, % |	0.69%
                         Deletion rate per base |	0.04%
                        Deletion average length |	1.86
                        Insertion rate per base |	0.02%
                       Insertion average length |	1.66
                             MULTI-MAPPING READS:
        Number of reads mapped to multiple loci |	605320
             % of reads mapped to multiple loci |	2.85%
        Number of reads mapped to too many loci |	110452
             % of reads mapped to too many loci |	0.52%
                                  UNMAPPED READS:
       % of reads unmapped: too many mismatches |	0.00%
                 % of reads unmapped: too short |	2.47%
                     % of reads unmapped: other |	0.71%
                                  CHIMERIC READS:
                       Number of chimeric reads |	0
                            % of chimeric reads |	0.00%
