                                 Started job on |	Nov 13 21:40:07
                             Started mapping on |	Nov 13 21:40:16
                                    Finished on |	Nov 13 21:41:29
       Mapping speed, Million of reads per hour |	1109.26

                          Number of input reads |	22493230
                      Average input read length |	74
                                    UNIQUE READS:
                   Uniquely mapped reads number |	21012361
                        Uniquely mapped reads % |	93.42%
                          Average mapped length |	74.56
                       Number of splices: Total |	4187133
            Number of splices: Annotated (sjdb) |	4000853
                       Number of splices: GT/AG |	4132635
                       Number of splices: GC/AG |	35097
                       Number of splices: AT/AC |	3223
               Number of splices: Non-canonical |	16178
                      Mismatch rate per base, % |	0.70%
                         Deletion rate per base |	0.04%
                        Deletion average length |	1.86
                        Insertion rate per base |	0.02%
                       Insertion average length |	1.66
                             MULTI-MAPPING READS:
        Number of reads mapped to multiple loci |	638901
             % of reads mapped to multiple loci |	2.84%
        Number of reads mapped to too many loci |	117719
             % of reads mapped to too many loci |	0.52%
                                  UNMAPPED READS:
       % of reads unmapped: too many mismatches |	0.00%
                 % of reads unmapped: too short |	2.51%
                     % of reads unmapped: other |	0.71%
                                  CHIMERIC READS:
                       Number of chimeric reads |	0
                            % of chimeric reads |	0.00%
