                                 Started job on |	Nov 13 21:44:23
                             Started mapping on |	Nov 13 21:44:32
                                    Finished on |	Nov 13 21:45:44
       Mapping speed, Million of reads per hour |	1103.52

                          Number of input reads |	22070394
                      Average input read length |	74
                                    UNIQUE READS:
                   Uniquely mapped reads number |	20594228
                        Uniquely mapped reads % |	93.31%
                          Average mapped length |	74.59
                       Number of splices: Total |	4091257
            Number of splices: Annotated (sjdb) |	3905891
                       Number of splices: GT/AG |	4038436
                       Number of splices: GC/AG |	33273
                       Number of splices: AT/AC |	3158
               Number of splices: Non-canonical |	16390
                      Mismatch rate per base, % |	0.69%
                         Deletion rate per base |	0.04%
                        Deletion average length |	1.83
                        Insertion rate per base |	0.02%
                       Insertion average length |	1.65
                             MULTI-MAPPING READS:
        Number of reads mapped to multiple loci |	640196
             % of reads mapped to multiple loci |	2.90%
        Number of reads mapped to too many loci |	122774
             % of reads mapped to too many loci |	0.56%
                                  UNMAPPED READS:
       % of reads unmapped: too many mismatches |	0.00%
                 % of reads unmapped: too short |	2.50%
                     % of reads unmapped: other |	0.73%
                                  CHIMERIC READS:
                       Number of chimeric reads |	0
                            % of chimeric reads |	0.00%
