                                 Started job on |	Nov 13 21:42:55
                             Started mapping on |	Nov 13 21:43:04
                                    Finished on |	Nov 13 21:44:20
       Mapping speed, Million of reads per hour |	1105.66

                          Number of input reads |	23341812
                      Average input read length |	74
                                    UNIQUE READS:
                   Uniquely mapped reads number |	21770874
                        Uniquely mapped reads % |	93.27%
                          Average mapped length |	74.58
                       Number of splices: Total |	4310015
            Number of splices: Annotated (sjdb) |	4115497
                       Number of splices: GT/AG |	4254772
                       Number of splices: GC/AG |	34458
                       Number of splices: AT/AC |	3368
               Number of splices: Non-canonical |	17417
                      Mismatch rate per base, % |	0.70%
                         Deletion rate per base |	0.04%
                        Deletion average length |	1.84
                        Insertion rate per base |	0.02%
                       Insertion average length |	1.65
                             MULTI-MAPPING READS:
        Number of reads mapped to multiple loci |	677750
             % of reads mapped to multiple loci |	2.90%
        Number of reads mapped to too many loci |	130175
             % of reads mapped to too many loci |	0.56%
                                  UNMAPPED READS:
       % of reads unmapped: too many mismatches |	0.00%
                 % of reads unmapped: too short |	2.54%
                     % of reads unmapped: other |	0.73%
                                  CHIMERIC READS:
                       Number of chimeric reads |	0
                            % of chimeric reads |	0.00%
