                                 Started job on |	Nov 13 21:46:59
                             Started mapping on |	Nov 13 21:47:08
                                    Finished on |	Nov 13 21:48:06
       Mapping speed, Million of reads per hour |	1055.36

                          Number of input reads |	17003001
                      Average input read length |	74
                                    UNIQUE READS:
                   Uniquely mapped reads number |	15868853
                        Uniquely mapped reads % |	93.33%
                          Average mapped length |	74.58
                       Number of splices: Total |	3181374
            Number of splices: Annotated (sjdb) |	3035800
                       Number of splices: GT/AG |	3140121
                       Number of splices: GC/AG |	26439
                       Number of splices: AT/AC |	2476
               Number of splices: Non-canonical |	12338
                      Mismatch rate per base, % |	0.69%
                         Deletion rate per base |	0.04%
                        Deletion average length |	1.83
                        Insertion rate per base |	0.02%
                       Insertion average length |	1.65
                             MULTI-MAPPING READS:
        Number of reads mapped to multiple loci |	503589
             % of reads mapped to multiple loci |	2.96%
        Number of reads mapped to too many loci |	96021
             % of reads mapped to too many loci |	0.56%
                                  UNMAPPED READS:
       % of reads unmapped: too many mismatches |	0.00%
                 % of reads unmapped: too short |	2.45%
                     % of reads unmapped: other |	0.70%
                                  CHIMERIC READS:
                       Number of chimeric reads |	0
                            % of chimeric reads |	0.00%
