                                 Started job on |	Nov 13 21:45:48
                             Started mapping on |	Nov 13 21:45:56
                                    Finished on |	Nov 13 21:46:56
       Mapping speed, Million of reads per hour |	1080.93

                          Number of input reads |	18015424
                      Average input read length |	74
                                    UNIQUE READS:
                   Uniquely mapped reads number |	16811635
                        Uniquely mapped reads % |	93.32%
                          Average mapped length |	74.57
                       Number of splices: Total |	3365225
            Number of splices: Annotated (sjdb) |	3211647
                       Number of splices: GT/AG |	3321855
                       Number of splices: GC/AG |	27737
                       Number of splices: AT/AC |	2581
               Number of splices: Non-canonical |	13052
                      Mismatch rate per base, % |	0.70%
                         Deletion rate per base |	0.04%
                        Deletion average length |	1.84
                        Insertion rate per base |	0.02%
                       Insertion average length |	1.65
                             MULTI-MAPPING READS:
        Number of reads mapped to multiple loci |	530112
             % of reads mapped to multiple loci |	2.94%
        Number of reads mapped to too many loci |	101873
             % of reads mapped to too many loci |	0.57%
                                  UNMAPPED READS:
       % of reads unmapped: too many mismatches |	0.00%
                 % of reads unmapped: too short |	2.48%
                     % of reads unmapped: other |	0.70%
                                  CHIMERIC READS:
                       Number of chimeric reads |	0
                            % of chimeric reads |	0.00%
