                                 Started job on |	Nov 13 21:49:43
                             Started mapping on |	Nov 13 21:49:52
                                    Finished on |	Nov 13 21:51:11
       Mapping speed, Million of reads per hour |	1105.81

                          Number of input reads |	24266457
                      Average input read length |	74
                                    UNIQUE READS:
                   Uniquely mapped reads number |	22718482
                        Uniquely mapped reads % |	93.62%
                          Average mapped length |	74.53
                       Number of splices: Total |	4583463
            Number of splices: Annotated (sjdb) |	4373967
                       Number of splices: GT/AG |	4524866
                       Number of splices: GC/AG |	36988
                       Number of splices: AT/AC |	3726
               Number of splices: Non-canonical |	17883
                      Mismatch rate per base, % |	0.69%
                         Deletion rate per base |	0.04%
                        Deletion average length |	1.86
                        Insertion rate per base |	0.02%
                       Insertion average length |	1.65
                             MULTI-MAPPING READS:
        Number of reads mapped to multiple loci |	686545
             % of reads mapped to multiple loci |	2.83%
        Number of reads mapped to too many loci |	128031
             % of reads mapped to too many loci |	0.53%
                                  UNMAPPED READS:
       % of reads unmapped: too many mismatches |	0.00%
                 % of reads unmapped: too short |	2.47%
                     % of reads unmapped: other |	0.55%
                                  CHIMERIC READS:
                       Number of chimeric reads |	0
                            % of chimeric reads |	0.00%
