                                 Started job on |	Nov 13 21:48:08
                             Started mapping on |	Nov 13 21:48:16
                                    Finished on |	Nov 13 21:49:40
       Mapping speed, Million of reads per hour |	1098.40

                          Number of input reads |	25629227
                      Average input read length |	74
                                    UNIQUE READS:
                   Uniquely mapped reads number |	23984621
                        Uniquely mapped reads % |	93.58%
                          Average mapped length |	74.52
                       Number of splices: Total |	4828950
            Number of splices: Annotated (sjdb) |	4609111
                       Number of splices: GT/AG |	4767631
                       Number of splices: GC/AG |	38641
                       Number of splices: AT/AC |	3903
               Number of splices: Non-canonical |	18775
                      Mismatch rate per base, % |	0.69%
                         Deletion rate per base |	0.04%
                        Deletion average length |	1.86
                        Insertion rate per base |	0.02%
                       Insertion average length |	1.65
                             MULTI-MAPPING READS:
        Number of reads mapped to multiple loci |	724178
             % of reads mapped to multiple loci |	2.83%
        Number of reads mapped to too many loci |	135102
             % of reads mapped to too many loci |	0.53%
                                  UNMAPPED READS:
       % of reads unmapped: too many mismatches |	0.00%
                 % of reads unmapped: too short |	2.51%
                     % of reads unmapped: other |	0.55%
                                  CHIMERIC READS:
                       Number of chimeric reads |	0
                            % of chimeric reads |	0.00%
