                                 Started job on |	Nov 13 21:51:15
                             Started mapping on |	Nov 13 21:51:23
                                    Finished on |	Nov 13 21:52:50
       Mapping speed, Million of reads per hour |	1121.42

                          Number of input reads |	27100890
                      Average input read length |	74
                                    UNIQUE READS:
                   Uniquely mapped reads number |	25257318
                        Uniquely mapped reads % |	93.20%
                          Average mapped length |	74.59
                       Number of splices: Total |	5114077
            Number of splices: Annotated (sjdb) |	4887613
                       Number of splices: GT/AG |	5047813
                       Number of splices: GC/AG |	42297
                       Number of splices: AT/AC |	3948
               Number of splices: Non-canonical |	20019
                      Mismatch rate per base, % |	0.69%
                         Deletion rate per base |	0.04%
                        Deletion average length |	1.84
                        Insertion rate per base |	0.02%
                       Insertion average length |	1.67
                             MULTI-MAPPING READS:
        Number of reads mapped to multiple loci |	798860
             % of reads mapped to multiple loci |	2.95%
        Number of reads mapped to too many loci |	158583
             % of reads mapped to too many loci |	0.59%
                                  UNMAPPED READS:
       % of reads unmapped: too many mismatches |	0.00%
                 % of reads unmapped: too short |	2.43%
                     % of reads unmapped: other |	0.84%
                                  CHIMERIC READS:
                       Number of chimeric reads |	0
                            % of chimeric reads |	0.00%
