                                 Started job on |	Nov 13 21:52:53
                             Started mapping on |	Nov 13 21:53:01
                                    Finished on |	Nov 13 21:54:24
       Mapping speed, Million of reads per hour |	1112.25

                          Number of input reads |	25643634
                      Average input read length |	74
                                    UNIQUE READS:
                   Uniquely mapped reads number |	23907999
                        Uniquely mapped reads % |	93.23%
                          Average mapped length |	74.60
                       Number of splices: Total |	4856407
            Number of splices: Annotated (sjdb) |	4641486
                       Number of splices: GT/AG |	4793259
                       Number of splices: GC/AG |	40697
                       Number of splices: AT/AC |	3730
               Number of splices: Non-canonical |	18721
                      Mismatch rate per base, % |	0.69%
                         Deletion rate per base |	0.04%
                        Deletion average length |	1.83
                        Insertion rate per base |	0.02%
                       Insertion average length |	1.66
                             MULTI-MAPPING READS:
        Number of reads mapped to multiple loci |	756340
             % of reads mapped to multiple loci |	2.95%
        Number of reads mapped to too many loci |	149774
             % of reads mapped to too many loci |	0.58%
                                  UNMAPPED READS:
       % of reads unmapped: too many mismatches |	0.00%
                 % of reads unmapped: too short |	2.39%
                     % of reads unmapped: other |	0.84%
                                  CHIMERIC READS:
                       Number of chimeric reads |	0
                            % of chimeric reads |	0.00%
