                                 Started job on |	Nov 13 21:55:56
                             Started mapping on |	Nov 13 21:56:05
                                    Finished on |	Nov 13 21:57:20
       Mapping speed, Million of reads per hour |	1097.19

                          Number of input reads |	22858197
                      Average input read length |	74
                                    UNIQUE READS:
                   Uniquely mapped reads number |	21466815
                        Uniquely mapped reads % |	93.91%
                          Average mapped length |	74.59
                       Number of splices: Total |	4280800
            Number of splices: Annotated (sjdb) |	4088654
                       Number of splices: GT/AG |	4226352
                       Number of splices: GC/AG |	34478
                       Number of splices: AT/AC |	3489
               Number of splices: Non-canonical |	16481
                      Mismatch rate per base, % |	0.69%
                         Deletion rate per base |	0.04%
                        Deletion average length |	1.86
                        Insertion rate per base |	0.02%
                       Insertion average length |	1.65
                             MULTI-MAPPING READS:
        Number of reads mapped to multiple loci |	610793
             % of reads mapped to multiple loci |	2.67%
        Number of reads mapped to too many loci |	113579
             % of reads mapped to too many loci |	0.50%
                                  UNMAPPED READS:
       % of reads unmapped: too many mismatches |	0.00%
                 % of reads unmapped: too short |	2.41%
                     % of reads unmapped: other |	0.51%
                                  CHIMERIC READS:
                       Number of chimeric reads |	0
                            % of chimeric reads |	0.00%
