                                 Started job on |	Nov 13 21:58:52
                             Started mapping on |	Nov 13 21:59:01
                                    Finished on |	Nov 13 22:00:15
       Mapping speed, Million of reads per hour |	1099.37

                          Number of input reads |	22598146
                      Average input read length |	74
                                    UNIQUE READS:
                   Uniquely mapped reads number |	21168908
                        Uniquely mapped reads % |	93.68%
                          Average mapped length |	74.60
                       Number of splices: Total |	4343322
            Number of splices: Annotated (sjdb) |	4154612
                       Number of splices: GT/AG |	4288938
                       Number of splices: GC/AG |	35251
                       Number of splices: AT/AC |	3259
               Number of splices: Non-canonical |	15874
                      Mismatch rate per base, % |	0.66%
                         Deletion rate per base |	0.03%
                        Deletion average length |	1.85
                        Insertion rate per base |	0.02%
                       Insertion average length |	1.64
                             MULTI-MAPPING READS:
        Number of reads mapped to multiple loci |	593268
             % of reads mapped to multiple loci |	2.63%
        Number of reads mapped to too many loci |	112566
             % of reads mapped to too many loci |	0.50%
                                  UNMAPPED READS:
       % of reads unmapped: too many mismatches |	0.00%
                 % of reads unmapped: too short |	2.47%
                     % of reads unmapped: other |	0.73%
                                  CHIMERIC READS:
                       Number of chimeric reads |	0
                            % of chimeric reads |	0.00%
