                                 Started job on |	Nov 13 21:57:24
                             Started mapping on |	Nov 13 21:57:33
                                    Finished on |	Nov 13 21:58:49
       Mapping speed, Million of reads per hour |	1128.70

                          Number of input reads |	23828215
                      Average input read length |	74
                                    UNIQUE READS:
                   Uniquely mapped reads number |	22312219
                        Uniquely mapped reads % |	93.64%
                          Average mapped length |	74.59
                       Number of splices: Total |	4567074
            Number of splices: Annotated (sjdb) |	4369690
                       Number of splices: GT/AG |	4509685
                       Number of splices: GC/AG |	37390
                       Number of splices: AT/AC |	3458
               Number of splices: Non-canonical |	16541
                      Mismatch rate per base, % |	0.66%
                         Deletion rate per base |	0.03%
                        Deletion average length |	1.85
                        Insertion rate per base |	0.02%
                       Insertion average length |	1.63
                             MULTI-MAPPING READS:
        Number of reads mapped to multiple loci |	622175
             % of reads mapped to multiple loci |	2.61%
        Number of reads mapped to too many loci |	118662
             % of reads mapped to too many loci |	0.50%
                                  UNMAPPED READS:
       % of reads unmapped: too many mismatches |	0.00%
                 % of reads unmapped: too short |	2.52%
                     % of reads unmapped: other |	0.74%
                                  CHIMERIC READS:
                       Number of chimeric reads |	0
                            % of chimeric reads |	0.00%
