                                 Started job on |	Nov 13 22:01:48
                             Started mapping on |	Nov 13 22:01:56
                                    Finished on |	Nov 13 22:03:09
       Mapping speed, Million of reads per hour |	1111.01

                          Number of input reads |	22528746
                      Average input read length |	74
                                    UNIQUE READS:
                   Uniquely mapped reads number |	21107655
                        Uniquely mapped reads % |	93.69%
                          Average mapped length |	74.60
                       Number of splices: Total |	4264449
            Number of splices: Annotated (sjdb) |	4074537
                       Number of splices: GT/AG |	4210752
                       Number of splices: GC/AG |	34634
                       Number of splices: AT/AC |	3188
               Number of splices: Non-canonical |	15875
                      Mismatch rate per base, % |	0.67%
                         Deletion rate per base |	0.04%
                        Deletion average length |	1.87
                        Insertion rate per base |	0.02%
                       Insertion average length |	1.64
                             MULTI-MAPPING READS:
        Number of reads mapped to multiple loci |	657552
             % of reads mapped to multiple loci |	2.92%
        Number of reads mapped to too many loci |	121832
             % of reads mapped to too many loci |	0.54%
                                  UNMAPPED READS:
       % of reads unmapped: too many mismatches |	0.00%
                 % of reads unmapped: too short |	2.37%
                     % of reads unmapped: other |	0.48%
                                  CHIMERIC READS:
                       Number of chimeric reads |	0
                            % of chimeric reads |	0.00%
