                                 Started job on |	Nov 13 22:00:19
                             Started mapping on |	Nov 13 22:00:28
                                    Finished on |	Nov 13 22:01:44
       Mapping speed, Million of reads per hour |	1126.89

                          Number of input reads |	23789990
                      Average input read length |	74
                                    UNIQUE READS:
                   Uniquely mapped reads number |	22281796
                        Uniquely mapped reads % |	93.66%
                          Average mapped length |	74.59
                       Number of splices: Total |	4491591
            Number of splices: Annotated (sjdb) |	4291960
                       Number of splices: GT/AG |	4434430
                       Number of splices: GC/AG |	36748
                       Number of splices: AT/AC |	3528
               Number of splices: Non-canonical |	16885
                      Mismatch rate per base, % |	0.68%
                         Deletion rate per base |	0.04%
                        Deletion average length |	1.87
                        Insertion rate per base |	0.02%
                       Insertion average length |	1.64
                             MULTI-MAPPING READS:
        Number of reads mapped to multiple loci |	691741
             % of reads mapped to multiple loci |	2.91%
        Number of reads mapped to too many loci |	128574
             % of reads mapped to too many loci |	0.54%
                                  UNMAPPED READS:
       % of reads unmapped: too many mismatches |	0.00%
                 % of reads unmapped: too short |	2.42%
                     % of reads unmapped: other |	0.48%
                                  CHIMERIC READS:
                       Number of chimeric reads |	0
                            % of chimeric reads |	0.00%
