                                 Started job on |	Nov 13 22:04:40
                             Started mapping on |	Nov 13 22:04:49
                                    Finished on |	Nov 13 22:06:01
       Mapping speed, Million of reads per hour |	1073.45

                          Number of input reads |	21468921
                      Average input read length |	74
                                    UNIQUE READS:
                   Uniquely mapped reads number |	20084645
                        Uniquely mapped reads % |	93.55%
                          Average mapped length |	74.59
                       Number of splices: Total |	4050573
            Number of splices: Annotated (sjdb) |	3868032
                       Number of splices: GT/AG |	3999244
                       Number of splices: GC/AG |	32964
                       Number of splices: AT/AC |	3131
               Number of splices: Non-canonical |	15234
                      Mismatch rate per base, % |	0.68%
                         Deletion rate per base |	0.04%
                        Deletion average length |	1.86
                        Insertion rate per base |	0.02%
                       Insertion average length |	1.66
                             MULTI-MAPPING READS:
        Number of reads mapped to multiple loci |	600992
             % of reads mapped to multiple loci |	2.80%
        Number of reads mapped to too many loci |	117723
             % of reads mapped to too many loci |	0.55%
                                  UNMAPPED READS:
       % of reads unmapped: too many mismatches |	0.00%
                 % of reads unmapped: too short |	2.44%
                     % of reads unmapped: other |	0.66%
                                  CHIMERIC READS:
                       Number of chimeric reads |	0
                            % of chimeric reads |	0.00%
