                                 Started job on |	Nov 13 22:03:13
                             Started mapping on |	Nov 13 22:03:22
                                    Finished on |	Nov 13 22:04:37
       Mapping speed, Million of reads per hour |	1090.04

                          Number of input reads |	22709270
                      Average input read length |	74
                                    UNIQUE READS:
                   Uniquely mapped reads number |	21239186
                        Uniquely mapped reads % |	93.53%
                          Average mapped length |	74.58
                       Number of splices: Total |	4282535
            Number of splices: Annotated (sjdb) |	4089470
                       Number of splices: GT/AG |	4227766
                       Number of splices: GC/AG |	35096
                       Number of splices: AT/AC |	3480
               Number of splices: Non-canonical |	16193
                      Mismatch rate per base, % |	0.69%
                         Deletion rate per base |	0.04%
                        Deletion average length |	1.86
                        Insertion rate per base |	0.02%
                       Insertion average length |	1.66
                             MULTI-MAPPING READS:
        Number of reads mapped to multiple loci |	632967
             % of reads mapped to multiple loci |	2.79%
        Number of reads mapped to too many loci |	124221
             % of reads mapped to too many loci |	0.55%
                                  UNMAPPED READS:
       % of reads unmapped: too many mismatches |	0.00%
                 % of reads unmapped: too short |	2.48%
                     % of reads unmapped: other |	0.66%
                                  CHIMERIC READS:
                       Number of chimeric reads |	0
                            % of chimeric reads |	0.00%
