                                 Started job on |	Nov 13 22:06:05
                             Started mapping on |	Nov 13 22:06:14
                                    Finished on |	Nov 13 22:07:25
       Mapping speed, Million of reads per hour |	1103.14

                          Number of input reads |	21756344
                      Average input read length |	74
                                    UNIQUE READS:
                   Uniquely mapped reads number |	20315708
                        Uniquely mapped reads % |	93.38%
                          Average mapped length |	74.58
                       Number of splices: Total |	4196331
            Number of splices: Annotated (sjdb) |	4015036
                       Number of splices: GT/AG |	4142560
                       Number of splices: GC/AG |	34716
                       Number of splices: AT/AC |	3356
               Number of splices: Non-canonical |	15699
                      Mismatch rate per base, % |	0.69%
                         Deletion rate per base |	0.04%
                        Deletion average length |	1.84
                        Insertion rate per base |	0.02%
                       Insertion average length |	1.65
                             MULTI-MAPPING READS:
        Number of reads mapped to multiple loci |	622559
             % of reads mapped to multiple loci |	2.86%
        Number of reads mapped to too many loci |	119099
             % of reads mapped to too many loci |	0.55%
                                  UNMAPPED READS:
       % of reads unmapped: too many mismatches |	0.00%
                 % of reads unmapped: too short |	2.42%
                     % of reads unmapped: other |	0.79%
                                  CHIMERIC READS:
                       Number of chimeric reads |	0
                            % of chimeric reads |	0.00%
