                                 Started job on |	Nov 13 22:07:28
                             Started mapping on |	Nov 13 22:07:37
                                    Finished on |	Nov 13 22:08:46
       Mapping speed, Million of reads per hour |	1070.92

                          Number of input reads |	20525974
                      Average input read length |	74
                                    UNIQUE READS:
                   Uniquely mapped reads number |	19173597
                        Uniquely mapped reads % |	93.41%
                          Average mapped length |	74.59
                       Number of splices: Total |	3971265
            Number of splices: Annotated (sjdb) |	3800248
                       Number of splices: GT/AG |	3920650
                       Number of splices: GC/AG |	32965
                       Number of splices: AT/AC |	3022
               Number of splices: Non-canonical |	14628
                      Mismatch rate per base, % |	0.68%
                         Deletion rate per base |	0.04%
                        Deletion average length |	1.84
                        Insertion rate per base |	0.02%
                       Insertion average length |	1.65
                             MULTI-MAPPING READS:
        Number of reads mapped to multiple loci |	588241
             % of reads mapped to multiple loci |	2.87%
        Number of reads mapped to too many loci |	112371
             % of reads mapped to too many loci |	0.55%
                                  UNMAPPED READS:
       % of reads unmapped: too many mismatches |	0.00%
                 % of reads unmapped: too short |	2.39%
                     % of reads unmapped: other |	0.79%
                                  CHIMERIC READS:
                       Number of chimeric reads |	0
                            % of chimeric reads |	0.00%
