                                 Started job on |	Nov 13 22:10:22
                             Started mapping on |	Nov 13 22:10:32
                                    Finished on |	Nov 13 22:11:48
       Mapping speed, Million of reads per hour |	1091.50

                          Number of input reads |	23042777
                      Average input read length |	74
                                    UNIQUE READS:
                   Uniquely mapped reads number |	21299400
                        Uniquely mapped reads % |	92.43%
                          Average mapped length |	74.58
                       Number of splices: Total |	4267954
            Number of splices: Annotated (sjdb) |	4074175
                       Number of splices: GT/AG |	4212341
                       Number of splices: GC/AG |	35015
                       Number of splices: AT/AC |	3375
               Number of splices: Non-canonical |	17223
                      Mismatch rate per base, % |	0.69%
                         Deletion rate per base |	0.04%
                        Deletion average length |	1.85
                        Insertion rate per base |	0.02%
                       Insertion average length |	1.66
                             MULTI-MAPPING READS:
        Number of reads mapped to multiple loci |	772768
             % of reads mapped to multiple loci |	3.35%
        Number of reads mapped to too many loci |	144685
             % of reads mapped to too many loci |	0.63%
                                  UNMAPPED READS:
       % of reads unmapped: too many mismatches |	0.00%
                 % of reads unmapped: too short |	2.66%
                     % of reads unmapped: other |	0.92%
                                  CHIMERIC READS:
                       Number of chimeric reads |	0
                            % of chimeric reads |	0.00%
