                                 Started job on |	Nov 13 22:11:52
                             Started mapping on |	Nov 13 22:12:01
                                    Finished on |	Nov 13 22:13:25
       Mapping speed, Million of reads per hour |	1123.37

                          Number of input reads |	26212028
                      Average input read length |	74
                                    UNIQUE READS:
                   Uniquely mapped reads number |	24444714
                        Uniquely mapped reads % |	93.26%
                          Average mapped length |	74.58
                       Number of splices: Total |	4952571
            Number of splices: Annotated (sjdb) |	4735341
                       Number of splices: GT/AG |	4888278
                       Number of splices: GC/AG |	41100
                       Number of splices: AT/AC |	3974
               Number of splices: Non-canonical |	19219
                      Mismatch rate per base, % |	0.70%
                         Deletion rate per base |	0.04%
                        Deletion average length |	1.85
                        Insertion rate per base |	0.02%
                       Insertion average length |	1.65
                             MULTI-MAPPING READS:
        Number of reads mapped to multiple loci |	782612
             % of reads mapped to multiple loci |	2.99%
        Number of reads mapped to too many loci |	146386
             % of reads mapped to too many loci |	0.56%
                                  UNMAPPED READS:
       % of reads unmapped: too many mismatches |	0.00%
                 % of reads unmapped: too short |	2.48%
                     % of reads unmapped: other |	0.72%
                                  CHIMERIC READS:
                       Number of chimeric reads |	0
                            % of chimeric reads |	0.00%
