                                 Started job on |	Nov 13 22:13:28
                             Started mapping on |	Nov 13 22:13:38
                                    Finished on |	Nov 13 22:14:59
       Mapping speed, Million of reads per hour |	1100.14

                          Number of input reads |	24753155
                      Average input read length |	74
                                    UNIQUE READS:
                   Uniquely mapped reads number |	23093482
                        Uniquely mapped reads % |	93.30%
                          Average mapped length |	74.59
                       Number of splices: Total |	4684892
            Number of splices: Annotated (sjdb) |	4478930
                       Number of splices: GT/AG |	4623991
                       Number of splices: GC/AG |	39076
                       Number of splices: AT/AC |	3825
               Number of splices: Non-canonical |	18000
                      Mismatch rate per base, % |	0.70%
                         Deletion rate per base |	0.04%
                        Deletion average length |	1.85
                        Insertion rate per base |	0.02%
                       Insertion average length |	1.65
                             MULTI-MAPPING READS:
        Number of reads mapped to multiple loci |	738511
             % of reads mapped to multiple loci |	2.98%
        Number of reads mapped to too many loci |	138584
             % of reads mapped to too many loci |	0.56%
                                  UNMAPPED READS:
       % of reads unmapped: too many mismatches |	0.00%
                 % of reads unmapped: too short |	2.44%
                     % of reads unmapped: other |	0.72%
                                  CHIMERIC READS:
                       Number of chimeric reads |	0
                            % of chimeric reads |	0.00%
