                                 Started job on |	Nov 13 22:15:02
                             Started mapping on |	Nov 13 22:15:11
                                    Finished on |	Nov 13 22:16:29
       Mapping speed, Million of reads per hour |	1107.92

                          Number of input reads |	24004864
                      Average input read length |	74
                                    UNIQUE READS:
                   Uniquely mapped reads number |	22312609
                        Uniquely mapped reads % |	92.95%
                          Average mapped length |	74.58
                       Number of splices: Total |	4429073
            Number of splices: Annotated (sjdb) |	4233384
                       Number of splices: GT/AG |	4371720
                       Number of splices: GC/AG |	36232
                       Number of splices: AT/AC |	3595
               Number of splices: Non-canonical |	17526
                      Mismatch rate per base, % |	0.70%
                         Deletion rate per base |	0.04%
                        Deletion average length |	1.86
                        Insertion rate per base |	0.02%
                       Insertion average length |	1.62
                             MULTI-MAPPING READS:
        Number of reads mapped to multiple loci |	772723
             % of reads mapped to multiple loci |	3.22%
        Number of reads mapped to too many loci |	145278
             % of reads mapped to too many loci |	0.61%
                                  UNMAPPED READS:
       % of reads unmapped: too many mismatches |	0.00%
                 % of reads unmapped: too short |	2.54%
                     % of reads unmapped: other |	0.69%
                                  CHIMERIC READS:
                       Number of chimeric reads |	0
                            % of chimeric reads |	0.00%
