                                 Started job on |	Nov 13 22:19:26
                             Started mapping on |	Nov 13 22:19:35
                                    Finished on |	Nov 13 22:20:42
       Mapping speed, Million of reads per hour |	1106.23

                          Number of input reads |	20588195
                      Average input read length |	74
                                    UNIQUE READS:
                   Uniquely mapped reads number |	19248744
                        Uniquely mapped reads % |	93.49%
                          Average mapped length |	74.60
                       Number of splices: Total |	3781011
            Number of splices: Annotated (sjdb) |	3615701
                       Number of splices: GT/AG |	3732275
                       Number of splices: GC/AG |	31309
                       Number of splices: AT/AC |	2904
               Number of splices: Non-canonical |	14523
                      Mismatch rate per base, % |	0.67%
                         Deletion rate per base |	0.04%
                        Deletion average length |	1.84
                        Insertion rate per base |	0.02%
                       Insertion average length |	1.64
                             MULTI-MAPPING READS:
        Number of reads mapped to multiple loci |	574131
             % of reads mapped to multiple loci |	2.79%
        Number of reads mapped to too many loci |	119596
             % of reads mapped to too many loci |	0.58%
                                  UNMAPPED READS:
       % of reads unmapped: too many mismatches |	0.00%
                 % of reads unmapped: too short |	2.32%
                     % of reads unmapped: other |	0.81%
                                  CHIMERIC READS:
                       Number of chimeric reads |	0
                            % of chimeric reads |	0.00%
